# JRE version: Java(TM) SE Runtime Environment (7.0_51-b13) (build 1.7.0_51-b13)
# Java VM: Java HotSpot(TM) 64-Bit Server VM (24.51-b03 mixed mode bsd-amd64 compressed oops)
Heap
 PSYoungGen      total 35328K, used 6278K [0x00000007d5500000, 0x00000007d8300000, 0x0000000800000000)
  eden space 24576K, 25% used [0x00000007d5500000,0x00000007d5b21868,0x00000007d6d00000)
  from space 10752K, 0% used [0x00000007d7880000,0x00000007d7880000,0x00000007d8300000)
  to   space 11264K, 0% used [0x00000007d6d00000,0x00000007d6d00000,0x00000007d7800000)
 ParOldGen       total 55296K, used 16373K [0x0000000780000000, 0x0000000783600000, 0x00000007d5500000)
  object space 55296K, 29% used [0x0000000780000000,0x0000000780ffd448,0x0000000783600000)
 PSPermGen       total 47616K, used 12667K [0x000000077ae00000, 0x000000077dc80000, 0x0000000780000000)
  object space 47616K, 26% used [0x000000077ae00000,0x000000077ba5ee80,0x000000077dc80000)
GC Heap History (10 events):
Event: 560.866 GC heap before
{Heap before GC invocations=20 (full 1):
 PSYoungGen      total 38400K, used 28128K [0x00000007d5500000, 0x00000007d8800000, 0x0000000800000000)
  eden space 26624K, 100% used [0x00000007d5500000,0x00000007d6f00000,0x00000007d6f00000)
  from space 11776K, 12% used [0x00000007d7c80000,0x00000007d7df8000,0x00000007d8800000)
  to   space 12800K, 0% used [0x00000007d6f00000,0x00000007d6f00000,0x00000007d7b80000)
 ParOldGen       total 61952K, used 20791K [0x0000000780000000, 0x0000000783c80000, 0x00000007d5500000)
  object space 61952K, 33% used [0x0000000780000000,0x000000078144dda0,0x0000000783c80000)
 PSPermGen       total 40448K, used 12638K [0x000000077ae00000, 0x000000077d580000, 0x0000000780000000)
  object space 40448K, 31% used [0x000000077ae00000,0x000000077ba57bc0,0x000000077d580000)
Event: 560.881 GC heap after
Heap after GC invocations=20 (full 1):
 PSYoungGen      total 27648K, used 1440K [0x00000007d5500000, 0x00000007d8680000, 0x0000000800000000)
  eden space 26112K, 0% used [0x00000007d5500000,0x00000007d5500000,0x00000007d6e80000)
  from space 1536K, 93% used [0x00000007d6f00000,0x00000007d7068000,0x00000007d7080000)
  to   space 12288K, 0% used [0x00000007d7a80000,0x00000007d7a80000,0x00000007d8680000)
 ParOldGen       total 61952K, used 20845K [0x0000000780000000, 0x0000000783c80000, 0x00000007d5500000)
  object space 61952K, 33% used [0x0000000780000000,0x000000078145b420,0x0000000783c80000)
 PSPermGen       total 40448K, used 12638K [0x000000077ae00000, 0x000000077d580000, 0x0000000780000000)
  object space 40448K, 31% used [0x000000077ae00000,0x000000077ba57bc0,0x000000077d580000)
}
Event: 583.514 GC heap before
{Heap before GC invocations=21 (full 1):
 PSYoungGen      total 27648K, used 27552K [0x00000007d5500000, 0x00000007d8680000, 0x0000000800000000)
  eden space 26112K, 100% used [0x00000007d5500000,0x00000007d6e80000,0x00000007d6e80000)
  from space 1536K, 93% used [0x00000007d6f00000,0x00000007d7068000,0x00000007d7080000)
  to   space 12288K, 0% used [0x00000007d7a80000,0x00000007d7a80000,0x00000007d8680000)
 ParOldGen       total 61952K, used 20845K [0x0000000780000000, 0x0000000783c80000, 0x00000007d5500000)
  object space 61952K, 33% used [0x0000000780000000,0x000000078145b420,0x0000000783c80000)
 PSPermGen       total 40448K, used 12638K [0x000000077ae00000, 0x000000077d580000, 0x0000000780000000)
  object space 40448K, 31% used [0x000000077ae00000,0x000000077ba57bc0,0x000000077d580000)
Event: 583.524 GC heap after
Heap after GC invocations=21 (full 1):
 PSYoungGen      total 36352K, used 1408K [0x00000007d5500000, 0x00000007d8500000, 0x0000000800000000)
  eden space 25600K, 0% used [0x00000007d5500000,0x00000007d5500000,0x00000007d6e00000)
  from space 10752K, 13% used [0x00000007d7a80000,0x00000007d7be0000,0x00000007d8500000)
  to   space 11776K, 0% used [0x00000007d6e00000,0x00000007d6e00000,0x00000007d7980000)
 ParOldGen       total 61952K, used 20877K [0x0000000780000000, 0x0000000783c80000, 0x00000007d5500000)
  object space 61952K, 33% used [0x0000000780000000,0x0000000781463420,0x0000000783c80000)
 PSPermGen       total 40448K, used 12638K [0x000000077ae00000, 0x000000077d580000, 0x0000000780000000)
  object space 40448K, 31% used [0x000000077ae00000,0x000000077ba57bc0,0x000000077d580000)
}
Event: 604.124 GC heap before
{Heap before GC invocations=22 (full 1):
 PSYoungGen      total 36352K, used 27008K [0x00000007d5500000, 0x00000007d8500000, 0x0000000800000000)
  eden space 25600K, 100% used [0x00000007d5500000,0x00000007d6e00000,0x00000007d6e00000)
  from space 10752K, 13% used [0x00000007d7a80000,0x00000007d7be0000,0x00000007d8500000)
  to   space 11776K, 0% used [0x00000007d6e00000,0x00000007d6e00000,0x00000007d7980000)
 ParOldGen       total 61952K, used 20877K [0x0000000780000000, 0x0000000783c80000, 0x00000007d5500000)
  object space 61952K, 33% used [0x0000000780000000,0x0000000781463420,0x0000000783c80000)
 PSPermGen       total 40448K, used 12639K [0x000000077ae00000, 0x000000077d580000, 0x0000000780000000)
  object space 40448K, 31% used [0x000000077ae00000,0x000000077ba57cb0,0x000000077d580000)
Event: 604.134 GC heap after
Heap after GC invocations=22 (full 1):
 PSYoungGen      total 26624K, used 1408K [0x00000007d5500000, 0x00000007d8380000, 0x0000000800000000)
  eden space 25088K, 0% used [0x00000007d5500000,0x00000007d5500000,0x00000007d6d80000)
  from space 1536K, 91% used [0x00000007d6e00000,0x00000007d6f60000,0x00000007d6f80000)
  to   space 11264K, 0% used [0x00000007d7880000,0x00000007d7880000,0x00000007d8380000)
 ParOldGen       total 61952K, used 20909K [0x0000000780000000, 0x0000000783c80000, 0x00000007d5500000)
  object space 61952K, 33% used [0x0000000780000000,0x000000078146b420,0x0000000783c80000)
 PSPermGen       total 40448K, used 12639K [0x000000077ae00000, 0x000000077d580000, 0x0000000780000000)
  object space 40448K, 31% used [0x000000077ae00000,0x000000077ba57cb0,0x000000077d580000)
}
Event: 613.210 GC heap before
{Heap before GC invocations=23 (full 1):
 PSYoungGen      total 26624K, used 13533K [0x00000007d5500000, 0x00000007d8380000, 0x0000000800000000)
  eden space 25088K, 48% used [0x00000007d5500000,0x00000007d60d7498,0x00000007d6d80000)
  from space 1536K, 91% used [0x00000007d6e00000,0x00000007d6f60000,0x00000007d6f80000)
  to   space 11264K, 0% used [0x00000007d7880000,0x00000007d7880000,0x00000007d8380000)
 ParOldGen       total 61952K, used 20909K [0x0000000780000000, 0x0000000783c80000, 0x00000007d5500000)
  object space 61952K, 33% used [0x0000000780000000,0x000000078146b420,0x0000000783c80000)
 PSPermGen       total 40448K, used 12641K [0x000000077ae00000, 0x000000077d580000, 0x0000000780000000)
  object space 40448K, 31% used [0x000000077ae00000,0x000000077ba58558,0x000000077d580000)
Event: 613.216 GC heap after
Heap after GC invocations=23 (full 1):
 PSYoungGen      total 35328K, used 704K [0x00000007d5500000, 0x00000007d8300000, 0x0000000800000000)
  eden space 24576K, 0% used [0x00000007d5500000,0x00000007d5500000,0x00000007d6d00000)
  from space 10752K, 6% used [0x00000007d7880000,0x00000007d7930000,0x00000007d8300000)
  to   space 11264K, 0% used [0x00000007d6d00000,0x00000007d6d00000,0x00000007d7800000)
 ParOldGen       total 61952K, used 20933K [0x0000000780000000, 0x0000000783c80000, 0x00000007d5500000)
  object space 61952K, 33% used [0x0000000780000000,0x0000000781471420,0x0000000783c80000)
 PSPermGen       total 40448K, used 12641K [0x000000077ae00000, 0x000000077d580000, 0x0000000780000000)
  object space 40448K, 31% used [0x000000077ae00000,0x000000077ba58558,0x000000077d580000)
}
Event: 613.216 GC heap before
{Heap before GC invocations=24 (full 2):
 PSYoungGen      total 35328K, used 704K [0x00000007d5500000, 0x00000007d8300000, 0x0000000800000000)
  eden space 24576K, 0% used [0x00000007d5500000,0x00000007d5500000,0x00000007d6d00000)
  from space 10752K, 6% used [0x00000007d7880000,0x00000007d7930000,0x00000007d8300000)
  to   space 11264K, 0% used [0x00000007d6d00000,0x00000007d6d00000,0x00000007d7800000)
 ParOldGen       total 61952K, used 20933K [0x0000000780000000, 0x0000000783c80000, 0x00000007d5500000)
  object space 61952K, 33% used [0x0000000780000000,0x0000000781471420,0x0000000783c80000)
 PSPermGen       total 40448K, used 12641K [0x000000077ae00000, 0x000000077d580000, 0x0000000780000000)
  object space 40448K, 31% used [0x000000077ae00000,0x000000077ba58558,0x000000077d580000)
Event: 613.258 GC heap after
Heap after GC invocations=24 (full 2):
 PSYoungGen      total 35328K, used 0K [0x00000007d5500000, 0x00000007d8300000, 0x0000000800000000)
  eden space 24576K, 0% used [0x00000007d5500000,0x00000007d5500000,0x00000007d6d00000)
  from space 10752K, 0% used [0x00000007d7880000,0x00000007d7880000,0x00000007d8300000)
  to   space 11264K, 0% used [0x00000007d6d00000,0x00000007d6d00000,0x00000007d7800000)
 ParOldGen       total 55296K, used 16373K [0x0000000780000000, 0x0000000783600000, 0x00000007d5500000)
  object space 55296K, 29% used [0x0000000780000000,0x0000000780ffd448,0x0000000783600000)
 PSPermGen       total 47616K, used 12641K [0x000000077ae00000, 0x000000077dc80000, 0x0000000780000000)
  object space 47616K, 26% used [0x000000077ae00000,0x000000077ba58518,0x000000077dc80000)
}

